[ 2019-04-03T15:14:52+08:00 ] 127.0.0.1 /index.php/Admin/Comprofile/fileOk.html
INFO: [ app_begin ] --START--
INFO: Run Behavior\ReadHtmlCacheBehavior [ RunTime:0.000726s ]
INFO: [ app_begin ] --END-- [ RunTime:0.001267s ]

[ 2019-04-03T15:18:52+08:00 ] 127.0.0.1 /index.php/Admin/Comprofile/fileOk.html
INFO: [ app_begin ] --START--
INFO: Run Behavior\ReadHtmlCacheBehavior [ RunTime:0.000448s ]
INFO: [ app_begin ] --END-- [ RunTime:0.000792s ]

[ 2019-04-03T15:20:33+08:00 ] 127.0.0.1 /index.php/Admin/Comprofile/fileOk.html
INFO: [ app_begin ] --START--
INFO: Run Behavior\ReadHtmlCacheBehavior [ RunTime:0.001449s ]
INFO: [ app_begin ] --END-- [ RunTime:0.002006s ]

[ 2019-04-03T15:20:55+08:00 ] 127.0.0.1 /index.php/Admin/Comprofile/fileOk.html
INFO: [ app_begin ] --START--
INFO: Run Behavior\ReadHtmlCacheBehavior [ RunTime:0.000612s ]
INFO: [ app_begin ] --END-- [ RunTime:0.001048s ]

[ 2019-04-03T15:21:32+08:00 ] 127.0.0.1 /index.php/Admin/Comprofile/fileOk.html
INFO: [ app_begin ] --START--
INFO: Run Behavior\ReadHtmlCacheBehavior [ RunTime:0.000530s ]
INFO: [ app_begin ] --END-- [ RunTime:0.000924s ]

[ 2019-04-03T15:41:53+08:00 ] 127.0.0.1 /index.php/Admin/Comprofile/fileOk.html
INFO: [ app_begin ] --START--
INFO: Run Behavior\ReadHtmlCacheBehavior [ RunTime:0.000742s ]
INFO: [ app_begin ] --END-- [ RunTime:0.001287s ]
NOTIC: [2] call_user_func() expects parameter 1 to be a valid callback, no array or string given E:\test\ThinkPHP\Library\Think\Upload.class.php 第 170 行.

[ 2019-04-03T16:05:06+08:00 ] 127.0.0.1 /index.php/Admin/Comprofile/fileOk.html
INFO: [ app_begin ] --START--
INFO: Run Behavior\ReadHtmlCacheBehavior [ RunTime:0.000794s ]
INFO: [ app_begin ] --END-- [ RunTime:0.001641s ]
NOTIC: [2] call_user_func() expects parameter 1 to be a valid callback, no array or string given E:\test\ThinkPHP\Library\Think\Upload.class.php 第 170 行.

[ 2019-04-03T16:14:29+08:00 ] 127.0.0.1 /index.php/Admin/Comprofile/fileOk.html
INFO: [ app_begin ] --START--
INFO: Run Behavior\ReadHtmlCacheBehavior [ RunTime:0.001369s ]
INFO: [ app_begin ] --END-- [ RunTime:0.003418s ]
NOTIC: [2] call_user_func() expects parameter 1 to be a valid callback, no array or string given E:\test\ThinkPHP\Library\Think\Upload.class.php 第 170 行.

[ 2019-04-03T16:15:14+08:00 ] 127.0.0.1 /index.php/Admin/Comprofile/fileOk.html
INFO: [ app_begin ] --START--
INFO: Run Behavior\ReadHtmlCacheBehavior [ RunTime:0.001088s ]
INFO: [ app_begin ] --END-- [ RunTime:0.001460s ]
NOTIC: [2] call_user_func() expects parameter 1 to be a valid callback, no array or string given E:\test\ThinkPHP\Library\Think\Upload.class.php 第 170 行.

[ 2019-04-03T16:17:36+08:00 ] 127.0.0.1 /index.php/Admin/Comprofile/fileOk.html
INFO: [ app_begin ] --START--
INFO: Run Behavior\ReadHtmlCacheBehavior [ RunTime:0.000435s ]
INFO: [ app_begin ] --END-- [ RunTime:0.000958s ]
NOTIC: [2] unlink(./Uploads/2019-04-03/5ca46b92be631.png): No such file or directory E:\test\application\Admin\Controller\ComprofileController.class.php 第 133 行.
NOTIC: [2] call_user_func() expects parameter 1 to be a valid callback, no array or string given E:\test\ThinkPHP\Library\Think\Upload.class.php 第 170 行.

[ 2019-04-03T16:17:48+08:00 ] 127.0.0.1 /index.php/Admin/Comprofile/fileOk.html
INFO: [ app_begin ] --START--
INFO: Run Behavior\ReadHtmlCacheBehavior [ RunTime:0.001510s ]
INFO: [ app_begin ] --END-- [ RunTime:0.001980s ]
NOTIC: [2] call_user_func() expects parameter 1 to be a valid callback, no array or string given E:\test\ThinkPHP\Library\Think\Upload.class.php 第 170 行.

[ 2019-04-03T16:18:02+08:00 ] 127.0.0.1 /index.php/Admin/Comprofile/fileOk.html
INFO: [ app_begin ] --START--
INFO: Run Behavior\ReadHtmlCacheBehavior [ RunTime:0.000962s ]
INFO: [ app_begin ] --END-- [ RunTime:0.001380s ]
NOTIC: [2] call_user_func() expects parameter 1 to be a valid callback, no array or string given E:\test\ThinkPHP\Library\Think\Upload.class.php 第 170 行.

[ 2019-04-03T16:18:08+08:00 ] 127.0.0.1 /index.php/Admin/Comprofile/fileOk.html
INFO: [ app_begin ] --START--
INFO: Run Behavior\ReadHtmlCacheBehavior [ RunTime:0.001119s ]
INFO: [ app_begin ] --END-- [ RunTime:0.001602s ]
NOTIC: [2] call_user_func() expects parameter 1 to be a valid callback, no array or string given E:\test\ThinkPHP\Library\Think\Upload.class.php 第 170 行.

[ 2019-04-03T16:19:23+08:00 ] 127.0.0.1 /index.php/Admin/Comprofile/fileOk.html
INFO: [ app_begin ] --START--
INFO: Run Behavior\ReadHtmlCacheBehavior [ RunTime:0.000667s ]
INFO: [ app_begin ] --END-- [ RunTime:0.001177s ]
NOTIC: [2] call_user_func() expects parameter 1 to be a valid callback, no array or string given E:\test\ThinkPHP\Library\Think\Upload.class.php 第 170 行.

[ 2019-04-03T16:19:31+08:00 ] 127.0.0.1 /index.php/Admin/Comprofile/fileOk.html
INFO: [ app_begin ] --START--
INFO: Run Behavior\ReadHtmlCacheBehavior [ RunTime:0.001129s ]
INFO: [ app_begin ] --END-- [ RunTime:0.001656s ]
NOTIC: [2] call_user_func() expects parameter 1 to be a valid callback, no array or string given E:\test\ThinkPHP\Library\Think\Upload.class.php 第 170 行.

[ 2019-04-03T16:23:00+08:00 ] 127.0.0.1 /index.php/Admin/Comprofile/fileOk.html
INFO: [ app_begin ] --START--
INFO: Run Behavior\ReadHtmlCacheBehavior [ RunTime:0.000576s ]
INFO: [ app_begin ] --END-- [ RunTime:0.001349s ]
NOTIC: [2] call_user_func() expects parameter 1 to be a valid callback, no array or string given E:\test\ThinkPHP\Library\Think\Upload.class.php 第 170 行.

[ 2019-04-03T16:45:25+08:00 ] 127.0.0.1 /index.php/Admin/Honor/fileOk.html
INFO: [ app_begin ] --START--
INFO: Run Behavior\ReadHtmlCacheBehavior [ RunTime:0.000431s ]
INFO: [ app_begin ] --END-- [ RunTime:0.001082s ]
NOTIC: [2] unlink(./Uploads/2019-04-03/5ca46d6468e33.png): No such file or directory E:\test\application\Admin\Controller\HonorController.class.php 第 141 行.
NOTIC: [2] call_user_func() expects parameter 1 to be a valid callback, no array or string given E:\test\ThinkPHP\Library\Think\Upload.class.php 第 170 行.

[ 2019-04-03T16:47:29+08:00 ] 127.0.0.1 /index.php/Admin/Honor/fileOk.html
INFO: [ app_begin ] --START--
INFO: Run Behavior\ReadHtmlCacheBehavior [ RunTime:0.000732s ]
INFO: [ app_begin ] --END-- [ RunTime:0.001247s ]
NOTIC: [2] call_user_func() expects parameter 1 to be a valid callback, no array or string given E:\test\ThinkPHP\Library\Think\Upload.class.php 第 170 行.

[ 2019-04-03T16:48:26+08:00 ] 127.0.0.1 /index.php/Admin/Honor/fileOk.html
INFO: [ app_begin ] --START--
INFO: Run Behavior\ReadHtmlCacheBehavior [ RunTime:0.000724s ]
INFO: [ app_begin ] --END-- [ RunTime:0.001248s ]
NOTIC: [2] call_user_func() expects parameter 1 to be a valid callback, no array or string given E:\test\ThinkPHP\Library\Think\Upload.class.php 第 170 行.

[ 2019-04-03T16:49:43+08:00 ] 127.0.0.1 /index.php/Admin/Honor/fileOk.html
INFO: [ app_begin ] --START--
INFO: Run Behavior\ReadHtmlCacheBehavior [ RunTime:0.000744s ]
INFO: [ app_begin ] --END-- [ RunTime:0.001281s ]
NOTIC: [2] call_user_func() expects parameter 1 to be a valid callback, no array or string given E:\test\ThinkPHP\Library\Think\Upload.class.php 第 170 行.

[ 2019-04-03T16:52:45+08:00 ] 127.0.0.1 /index.php/Admin/Honor/fileOk.html
INFO: [ app_begin ] --START--
INFO: Run Behavior\ReadHtmlCacheBehavior [ RunTime:0.000780s ]
INFO: [ app_begin ] --END-- [ RunTime:0.001574s ]
NOTIC: [2] call_user_func() expects parameter 1 to be a valid callback, no array or string given E:\test\ThinkPHP\Library\Think\Upload.class.php 第 170 行.

[ 2019-04-03T16:52:53+08:00 ] 127.0.0.1 /index.php/Admin/Honor/fileOk.html
INFO: [ app_begin ] --START--
INFO: Run Behavior\ReadHtmlCacheBehavior [ RunTime:0.003591s ]
INFO: [ app_begin ] --END-- [ RunTime:0.004437s ]
NOTIC: [2] call_user_func() expects parameter 1 to be a valid callback, no array or string given E:\test\ThinkPHP\Library\Think\Upload.class.php 第 170 行.

[ 2019-04-03T16:54:23+08:00 ] 127.0.0.1 /index.php/Admin/Honor/fileOk.html
INFO: [ app_begin ] --START--
INFO: Run Behavior\ReadHtmlCacheBehavior [ RunTime:0.000800s ]
INFO: [ app_begin ] --END-- [ RunTime:0.001539s ]
NOTIC: [2] call_user_func() expects parameter 1 to be a valid callback, no array or string given E:\test\ThinkPHP\Library\Think\Upload.class.php 第 170 行.

[ 2019-04-03T16:56:15+08:00 ] 127.0.0.1 /index.php/Admin/Honor/fileOk.html
INFO: [ app_begin ] --START--
INFO: Run Behavior\ReadHtmlCacheBehavior [ RunTime:0.000861s ]
INFO: [ app_begin ] --END-- [ RunTime:0.002033s ]
NOTIC: [2] call_user_func() expects parameter 1 to be a valid callback, no array or string given E:\test\ThinkPHP\Library\Think\Upload.class.php 第 170 行.

[ 2019-04-03T16:57:03+08:00 ] 127.0.0.1 /index.php/Admin/Honor/fileOk.html
INFO: [ app_begin ] --START--
INFO: Run Behavior\ReadHtmlCacheBehavior [ RunTime:0.000623s ]
INFO: [ app_begin ] --END-- [ RunTime:0.001004s ]
NOTIC: [2] call_user_func() expects parameter 1 to be a valid callback, no array or string given E:\test\ThinkPHP\Library\Think\Upload.class.php 第 170 行.

[ 2019-04-03T16:59:06+08:00 ] 127.0.0.1 /index.php/Admin/Honor/fileOk.html
INFO: [ app_begin ] --START--
INFO: Run Behavior\ReadHtmlCacheBehavior [ RunTime:0.000758s ]
INFO: [ app_begin ] --END-- [ RunTime:0.001540s ]
NOTIC: [2] call_user_func() expects parameter 1 to be a valid callback, no array or string given E:\test\ThinkPHP\Library\Think\Upload.class.php 第 170 行.

[ 2019-04-03T17:09:27+08:00 ] 127.0.0.1 /index.php/Admin/Facility/fileOk.html
INFO: [ app_begin ] --START--
INFO: Run Behavior\ReadHtmlCacheBehavior [ RunTime:0.000671s ]
INFO: [ app_begin ] --END-- [ RunTime:0.001348s ]
NOTIC: [2] call_user_func() expects parameter 1 to be a valid callback, no array or string given E:\test\ThinkPHP\Library\Think\Upload.class.php 第 170 行.

[ 2019-04-03T17:09:50+08:00 ] 127.0.0.1 /index.php/Admin/Facility/fileOk.html
INFO: [ app_begin ] --START--
INFO: Run Behavior\ReadHtmlCacheBehavior [ RunTime:0.000715s ]
INFO: [ app_begin ] --END-- [ RunTime:0.001283s ]
NOTIC: [2] unlink(./Uploads/2019-04-03/5ca478473117e.png): No such file or directory E:\test\application\Admin\Controller\FacilityController.class.php 第 142 行.
NOTIC: [2] call_user_func() expects parameter 1 to be a valid callback, no array or string given E:\test\ThinkPHP\Library\Think\Upload.class.php 第 170 行.

[ 2019-04-03T17:09:57+08:00 ] 127.0.0.1 /index.php/Admin/Facility/fileOk.html
INFO: [ app_begin ] --START--
INFO: Run Behavior\ReadHtmlCacheBehavior [ RunTime:0.000718s ]
INFO: [ app_begin ] --END-- [ RunTime:0.001269s ]
NOTIC: [2] call_user_func() expects parameter 1 to be a valid callback, no array or string given E:\test\ThinkPHP\Library\Think\Upload.class.php 第 170 行.

[ 2019-04-03T17:10:32+08:00 ] 127.0.0.1 /index.php/Admin/Facility/fileOk.html
INFO: [ app_begin ] --START--
INFO: Run Behavior\ReadHtmlCacheBehavior [ RunTime:0.000916s ]
INFO: [ app_begin ] --END-- [ RunTime:0.001593s ]
NOTIC: [2] call_user_func() expects parameter 1 to be a valid callback, no array or string given E:\test\ThinkPHP\Library\Think\Upload.class.php 第 170 行.

[ 2019-04-03T17:10:39+08:00 ] 127.0.0.1 /index.php/Admin/Facility/fileOk.html
INFO: [ app_begin ] --START--
INFO: Run Behavior\ReadHtmlCacheBehavior [ RunTime:0.001147s ]
INFO: [ app_begin ] --END-- [ RunTime:0.001607s ]
NOTIC: [2] call_user_func() expects parameter 1 to be a valid callback, no array or string given E:\test\ThinkPHP\Library\Think\Upload.class.php 第 170 行.

[ 2019-04-03T17:31:04+08:00 ] 127.0.0.1 /index.php/Admin/Comprofile/fileOk.html
INFO: [ app_begin ] --START--
INFO: Run Behavior\ReadHtmlCacheBehavior [ RunTime:0.000589s ]
INFO: [ app_begin ] --END-- [ RunTime:0.001396s ]
NOTIC: [2] call_user_func() expects parameter 1 to be a valid callback, no array or string given E:\test\ThinkPHP\Library\Think\Upload.class.php 第 170 行.

[ 2019-04-03T17:32:47+08:00 ] 127.0.0.1 /index.php/Admin/Comprofile/fileOk.html
INFO: [ app_begin ] --START--
INFO: Run Behavior\ReadHtmlCacheBehavior [ RunTime:0.000916s ]
INFO: [ app_begin ] --END-- [ RunTime:0.001662s ]
NOTIC: [2] unlink(./Uploads/2019-04-03/5ca47d5824040.png): No such file or directory E:\test\application\Admin\Controller\ComprofileController.class.php 第 133 行.
NOTIC: [2] call_user_func() expects parameter 1 to be a valid callback, no array or string given E:\test\ThinkPHP\Library\Think\Upload.class.php 第 170 行.

[ 2019-04-03T17:32:57+08:00 ] 127.0.0.1 /index.php/Admin/Comprofile/fileOk.html
INFO: [ app_begin ] --START--
INFO: Run Behavior\ReadHtmlCacheBehavior [ RunTime:0.001632s ]
INFO: [ app_begin ] --END-- [ RunTime:0.002989s ]
NOTIC: [2] call_user_func() expects parameter 1 to be a valid callback, no array or string given E:\test\ThinkPHP\Library\Think\Upload.class.php 第 170 行.

[ 2019-04-03T17:33:11+08:00 ] 127.0.0.1 /index.php/Admin/Comprofile/fileOk.html
INFO: [ app_begin ] --START--
INFO: Run Behavior\ReadHtmlCacheBehavior [ RunTime:0.000591s ]
INFO: [ app_begin ] --END-- [ RunTime:0.001003s ]
NOTIC: [2] call_user_func() expects parameter 1 to be a valid callback, no array or string given E:\test\ThinkPHP\Library\Think\Upload.class.php 第 170 行.

[ 2019-04-03T17:33:43+08:00 ] 127.0.0.1 /index.php/Admin/Honor/fileOk.html
INFO: [ app_begin ] --START--
INFO: Run Behavior\ReadHtmlCacheBehavior [ RunTime:0.000773s ]
INFO: [ app_begin ] --END-- [ RunTime:0.001272s ]
NOTIC: [2] call_user_func() expects parameter 1 to be a valid callback, no array or string given E:\test\ThinkPHP\Library\Think\Upload.class.php 第 170 行.

[ 2019-04-03T17:33:54+08:00 ] 127.0.0.1 /index.php/Admin/Honor/fileOk.html
INFO: [ app_begin ] --START--
INFO: Run Behavior\ReadHtmlCacheBehavior [ RunTime:0.000532s ]
INFO: [ app_begin ] --END-- [ RunTime:0.000972s ]
NOTIC: [2] call_user_func() expects parameter 1 to be a valid callback, no array or string given E:\test\ThinkPHP\Library\Think\Upload.class.php 第 170 行.

[ 2019-04-03T17:34:11+08:00 ] 127.0.0.1 /index.php/Admin/Honor/fileOk.html
INFO: [ app_begin ] --START--
INFO: Run Behavior\ReadHtmlCacheBehavior [ RunTime:0.000771s ]
INFO: [ app_begin ] --END-- [ RunTime:0.001256s ]
NOTIC: [2] call_user_func() expects parameter 1 to be a valid callback, no array or string given E:\test\ThinkPHP\Library\Think\Upload.class.php 第 170 行.

[ 2019-04-03T17:34:37+08:00 ] 127.0.0.1 /index.php/Admin/Facility/fileOk.html
INFO: [ app_begin ] --START--
INFO: Run Behavior\ReadHtmlCacheBehavior [ RunTime:0.000685s ]
INFO: [ app_begin ] --END-- [ RunTime:0.001174s ]
NOTIC: [2] call_user_func() expects parameter 1 to be a valid callback, no array or string given E:\test\ThinkPHP\Library\Think\Upload.class.php 第 170 行.

[ 2019-04-03T17:34:43+08:00 ] 127.0.0.1 /index.php/Admin/Facility/fileOk.html
INFO: [ app_begin ] --START--
INFO: Run Behavior\ReadHtmlCacheBehavior [ RunTime:0.000629s ]
INFO: [ app_begin ] --END-- [ RunTime:0.001017s ]
NOTIC: [2] call_user_func() expects parameter 1 to be a valid callback, no array or string given E:\test\ThinkPHP\Library\Think\Upload.class.php 第 170 行.

[ 2019-04-03T17:35:01+08:00 ] 127.0.0.1 /index.php/Admin/Facility/fileOk.html
INFO: [ app_begin ] --START--
INFO: Run Behavior\ReadHtmlCacheBehavior [ RunTime:0.000503s ]
INFO: [ app_begin ] --END-- [ RunTime:0.000860s ]
NOTIC: [2] call_user_func() expects parameter 1 to be a valid callback, no array or string given E:\test\ThinkPHP\Library\Think\Upload.class.php 第 170 行.

[ 2019-04-03T17:35:25+08:00 ] 127.0.0.1 /index.php/Admin/Live/fileOk.html
INFO: [ app_begin ] --START--
INFO: Run Behavior\ReadHtmlCacheBehavior [ RunTime:0.000641s ]
INFO: [ app_begin ] --END-- [ RunTime:0.001147s ]
NOTIC: [2] call_user_func() expects parameter 1 to be a valid callback, no array or string given E:\test\ThinkPHP\Library\Think\Upload.class.php 第 170 行.

[ 2019-04-03T17:35:32+08:00 ] 127.0.0.1 /index.php/Admin/Live/fileOk.html
INFO: [ app_begin ] --START--
INFO: Run Behavior\ReadHtmlCacheBehavior [ RunTime:0.000648s ]
INFO: [ app_begin ] --END-- [ RunTime:0.001132s ]
NOTIC: [2] call_user_func() expects parameter 1 to be a valid callback, no array or string given E:\test\ThinkPHP\Library\Think\Upload.class.php 第 170 行.

[ 2019-04-03T17:35:43+08:00 ] 127.0.0.1 /index.php/Admin/Live/fileOk.html
INFO: [ app_begin ] --START--
INFO: Run Behavior\ReadHtmlCacheBehavior [ RunTime:0.000628s ]
INFO: [ app_begin ] --END-- [ RunTime:0.001050s ]
NOTIC: [2] call_user_func() expects parameter 1 to be a valid callback, no array or string given E:\test\ThinkPHP\Library\Think\Upload.class.php 第 170 行.

[ 2019-04-03T17:36:04+08:00 ] 127.0.0.1 /index.php/Admin/Goods/fileOk.html
INFO: [ app_begin ] --START--
INFO: Run Behavior\ReadHtmlCacheBehavior [ RunTime:0.003286s ]
INFO: [ app_begin ] --END-- [ RunTime:0.003627s ]
NOTIC: [2] call_user_func() expects parameter 1 to be a valid callback, no array or string given E:\test\ThinkPHP\Library\Think\Upload.class.php 第 170 行.

[ 2019-04-03T17:36:14+08:00 ] 127.0.0.1 /index.php/Admin/Goods/fileOk.html
INFO: [ app_begin ] --START--
INFO: Run Behavior\ReadHtmlCacheBehavior [ RunTime:0.000639s ]
INFO: [ app_begin ] --END-- [ RunTime:0.001016s ]
NOTIC: [2] call_user_func() expects parameter 1 to be a valid callback, no array or string given E:\test\ThinkPHP\Library\Think\Upload.class.php 第 170 行.

[ 2019-04-03T17:36:36+08:00 ] 127.0.0.1 /index.php/Admin/Goods/fileOk.html
INFO: [ app_begin ] --START--
INFO: Run Behavior\ReadHtmlCacheBehavior [ RunTime:0.000579s ]
INFO: [ app_begin ] --END-- [ RunTime:0.001108s ]
NOTIC: [2] call_user_func() expects parameter 1 to be a valid callback, no array or string given E:\test\ThinkPHP\Library\Think\Upload.class.php 第 170 行.

[ 2019-04-03T17:36:45+08:00 ] 127.0.0.1 /index.php/Admin/Goods/fileOk.html
INFO: [ app_begin ] --START--
INFO: Run Behavior\ReadHtmlCacheBehavior [ RunTime:0.001323s ]
INFO: [ app_begin ] --END-- [ RunTime:0.001951s ]
NOTIC: [2] call_user_func() expects parameter 1 to be a valid callback, no array or string given E:\test\ThinkPHP\Library\Think\Upload.class.php 第 170 行.

[ 2019-04-03T17:38:29+08:00 ] 127.0.0.1 /index.php/Admin/Goods/fileOk.html
INFO: [ app_begin ] --START--
INFO: Run Behavior\ReadHtmlCacheBehavior [ RunTime:0.000578s ]
INFO: [ app_begin ] --END-- [ RunTime:0.003729s ]
NOTIC: [2] call_user_func() expects parameter 1 to be a valid callback, no array or string given E:\test\ThinkPHP\Library\Think\Upload.class.php 第 170 行.

[ 2019-04-03T17:38:53+08:00 ] 127.0.0.1 /index.php/Admin/Goods/fileOk.html
INFO: [ app_begin ] --START--
INFO: Run Behavior\ReadHtmlCacheBehavior [ RunTime:0.002215s ]
INFO: [ app_begin ] --END-- [ RunTime:0.002954s ]
NOTIC: [2] call_user_func() expects parameter 1 to be a valid callback, no array or string given E:\test\ThinkPHP\Library\Think\Upload.class.php 第 170 行.

[ 2019-04-03T17:40:33+08:00 ] 127.0.0.1 /index.php/Admin/Goods/fileOk.html
INFO: [ app_begin ] --START--
INFO: Run Behavior\ReadHtmlCacheBehavior [ RunTime:0.000809s ]
INFO: [ app_begin ] --END-- [ RunTime:0.001634s ]
NOTIC: [2] call_user_func() expects parameter 1 to be a valid callback, no array or string given E:\test\ThinkPHP\Library\Think\Upload.class.php 第 170 行.

[ 2019-04-03T17:40:46+08:00 ] 127.0.0.1 /index.php/Admin/Goods/fileOk.html
INFO: [ app_begin ] --START--
INFO: Run Behavior\ReadHtmlCacheBehavior [ RunTime:0.000633s ]
INFO: [ app_begin ] --END-- [ RunTime:0.001150s ]
NOTIC: [2] call_user_func() expects parameter 1 to be a valid callback, no array or string given E:\test\ThinkPHP\Library\Think\Upload.class.php 第 170 行.

[ 2019-04-03T17:40:49+08:00 ] 127.0.0.1 /index.php/Admin/Goods/fileOk.html
INFO: [ app_begin ] --START--
INFO: Run Behavior\ReadHtmlCacheBehavior [ RunTime:0.000746s ]
INFO: [ app_begin ] --END-- [ RunTime:0.001077s ]
NOTIC: [2] call_user_func() expects parameter 1 to be a valid callback, no array or string given E:\test\ThinkPHP\Library\Think\Upload.class.php 第 170 行.

[ 2019-04-03T17:40:59+08:00 ] 127.0.0.1 /index.php/Admin/Goods/fileOk.html
INFO: [ app_begin ] --START--
INFO: Run Behavior\ReadHtmlCacheBehavior [ RunTime:0.000566s ]
INFO: [ app_begin ] --END-- [ RunTime:0.000936s ]
NOTIC: [2] call_user_func() expects parameter 1 to be a valid callback, no array or string given E:\test\ThinkPHP\Library\Think\Upload.class.php 第 170 行.

[ 2019-04-03T17:44:32+08:00 ] 127.0.0.1 /index.php/Admin/Goods/fileOk.html
INFO: [ app_begin ] --START--
INFO: Run Behavior\ReadHtmlCacheBehavior [ RunTime:0.000698s ]
INFO: [ app_begin ] --END-- [ RunTime:0.001466s ]
NOTIC: [2] unlink(./Uploads/2019-04-03/5ca47fab7d199.png): No such file or directory E:\test\application\Admin\Controller\GoodsController.class.php 第 141 行.
NOTIC: [2] call_user_func() expects parameter 1 to be a valid callback, no array or string given E:\test\ThinkPHP\Library\Think\Upload.class.php 第 170 行.

[ 2019-04-03T17:44:51+08:00 ] 127.0.0.1 /index.php/Admin/Goods/fileOk.html
INFO: [ app_begin ] --START--
INFO: Run Behavior\ReadHtmlCacheBehavior [ RunTime:0.001557s ]
INFO: [ app_begin ] --END-- [ RunTime:0.002114s ]
NOTIC: [2] call_user_func() expects parameter 1 to be a valid callback, no array or string given E:\test\ThinkPHP\Library\Think\Upload.class.php 第 170 行.

